{
  "RSpec": {
    "coverage": {
      "/home/legacy-integer-fdf8/tic-tac-toe-rb-online-web-sp-000/lib/tic_tac_toe.rb": [
        1,
        7,
        7,
        7,
        7,
        7,
        null,
        null,
        null,
        1,
        6,
        6,
        6,
        null,
        null,
        null,
        1,
        6,
        6,
        5,
        null,
        1,
        null,
        null,
        null,
        6,
        5,
        3,
        null,
        2,
        null,
        null,
        null,
        6,
        3,
        null,
        3,
        null,
        null,
        null,
        null,
        1,
        6,
        6,
        null,
        null,
        1,
        6,
        6,
        3,
        3,
        2,
        2,
        null,
        1,
        null,
        null
      ]
    },
    "timestamp": 1613672184
  }
}
